2024-10-04T17:10:37.425Z [[31merror[39m]: Error: This is a test error
2024-10-04T17:10:42.159Z [[31merror[39m]: Error: This is a test error
2024-10-04T17:11:41.717Z [[31merror[39m]: Error: This is a test error
2024-10-04T17:11:42.722Z [[31merror[39m]: Error: This is a test error
2024-10-04T17:11:42.889Z [[31merror[39m]: Error: This is a test error
2024-10-04T17:11:43.062Z [[31merror[39m]: Error: This is a test error
2024-10-04T17:11:43.277Z [[31merror[39m]: Error: This is a test error
2024-10-05T09:50:29.927Z [[31merror[39m]: MySQL connection error: ER_ACCESS_DENIED_ERROR: Access denied for user ''@'localhost' (using password: NO)
2024-10-05T09:52:24.627Z [[31merror[39m]: MySQL connection error: ER_ACCESS_DENIED_ERROR: Access denied for user ''@'localhost' (using password: NO)
2024-10-05T12:59:04.622Z [[31merror[39m]: MySQL connection error: ER_ACCESS_DENIED_ERROR: Access denied for user ''@'localhost' (using password: NO)
2024-10-05T13:00:04.597Z [[31merror[39m]: MySQL connection error: ER_ACCESS_DENIED_ERROR: Access denied for user ''@'localhost' (using password: NO)
2024-10-05T13:04:14.833Z [[31merror[39m]: MySQL connection error: ER_ACCESS_DENIED_ERROR: Access denied for user ''@'localhost' (using password: NO)
2024-10-06T14:33:57.089Z [[31merror[39m]: Error: jwt is not defined
2024-10-06T14:33:58.128Z [[31merror[39m]: Error: jwt is not defined
2024-10-06T14:33:58.606Z [[31merror[39m]: Error: jwt is not defined
2024-10-06T14:33:58.779Z [[31merror[39m]: Error: jwt is not defined
2024-10-06T14:33:58.954Z [[31merror[39m]: Error: jwt is not defined
2024-10-06T14:33:59.122Z [[31merror[39m]: Error: jwt is not defined
2024-10-06T14:33:59.300Z [[31merror[39m]: Error: jwt is not defined
2024-10-06T14:33:59.535Z [[31merror[39m]: Error: jwt is not defined
2024-10-06T14:33:59.755Z [[31merror[39m]: Error: jwt is not defined
2024-10-06T14:34:15.740Z [[31merror[39m]: Error: jwt is not defined
2024-10-06T17:11:26.410Z [[31merror[39m]: Error: jwt is not defined
2024-10-06T17:11:27.128Z [[31merror[39m]: Error: jwt is not defined
2024-10-06T17:11:27.328Z [[31merror[39m]: Error: jwt is not defined
2024-10-06T17:11:27.513Z [[31merror[39m]: Error: jwt is not defined
2024-10-06T17:11:27.726Z [[31merror[39m]: Error: jwt is not defined
2024-10-06T17:21:14.570Z [[31merror[39m]: Error: jwt is not defined
2024-10-07T15:22:09.135Z [[31merror[39m]: Error: jwt is not defined
2024-10-07T15:22:09.916Z [[31merror[39m]: Error: jwt is not defined
2024-10-07T15:22:10.120Z [[31merror[39m]: Error: jwt is not defined
2024-10-07T15:22:10.299Z [[31merror[39m]: Error: jwt is not defined
2024-10-07T15:22:10.488Z [[31merror[39m]: Error: jwt is not defined
2024-10-07T15:22:10.673Z [[31merror[39m]: Error: jwt is not defined
2024-10-07T15:22:10.891Z [[31merror[39m]: Error: jwt is not defined
2024-10-07T17:28:01.803Z [[31merror[39m]: Error: jwt is not defined
2024-10-07T17:28:02.659Z [[31merror[39m]: Error: jwt is not defined
2024-10-07T17:28:03.169Z [[31merror[39m]: Error: jwt is not defined
2024-10-07T17:28:03.374Z [[31merror[39m]: Error: jwt is not defined
2024-10-07T17:28:03.602Z [[31merror[39m]: Error: jwt is not defined
2024-10-07T17:28:03.825Z [[31merror[39m]: Error: jwt is not defined
2024-10-07T17:28:05.318Z [[31merror[39m]: Error: jwt is not defined
2024-10-09T05:25:05.115Z [[31merror[39m]: Error: jwt is not defined
2024-10-09T05:25:11.837Z [[31merror[39m]: Error: jwt is not defined
2024-10-09T05:25:12.935Z [[31merror[39m]: Error: jwt is not defined
2024-10-09T05:37:04.241Z [[31merror[39m]: Error: jwt is not defined
2024-10-09T05:37:09.503Z [[31merror[39m]: Error: jwt is not defined
2024-10-09T05:37:58.658Z [[31merror[39m]: Error: Cannot read properties of undefined (reading 'toString')
2024-10-09T05:38:06.905Z [[31merror[39m]: Error: Cannot read properties of undefined (reading 'toString')
2024-10-09T05:49:52.019Z [[31merror[39m]: Error: Cannot read properties of undefined (reading 'toString')
2024-10-09T05:51:16.111Z [[31merror[39m]: Error: Cannot read properties of undefined (reading 'toString')
2024-10-09T06:08:38.070Z [[31merror[39m]: Error: Cannot read properties of undefined (reading 'toString')
2024-10-09T06:09:36.809Z [[31merror[39m]: Error: Cannot read properties of undefined (reading 'toString')
2024-10-09T06:10:33.645Z [[31merror[39m]: Error: Cannot read properties of undefined (reading 'toString')
2024-10-09T06:10:41.648Z [[31merror[39m]: Error: Cannot read properties of undefined (reading 'toString')
2024-10-09T06:12:41.929Z [[31merror[39m]: Error: Cannot read properties of undefined (reading 'toString')
2024-10-09T06:13:44.679Z [[31merror[39m]: Error: Cannot read properties of undefined (reading 'toString')
2024-10-09T06:19:14.181Z [[31merror[39m]: Error: Cannot read properties of undefined (reading 'toString')
2024-10-09T06:19:16.366Z [[31merror[39m]: Error: Cannot read properties of undefined (reading 'toString')
2024-10-09T06:19:17.744Z [[31merror[39m]: Error: Cannot read properties of undefined (reading 'toString')
2024-10-09T06:19:22.809Z [[31merror[39m]: Error: Cannot read properties of undefined (reading 'toString')
2024-10-15T05:17:55.168Z [[31merror[39m]: Error: Cannot read properties of undefined (reading 'id')
2024-10-15T05:18:11.401Z [[31merror[39m]: Error: Cannot read properties of undefined (reading 'id')
2024-10-15T05:18:11.416Z [[31merror[39m]: Error: Cannot read properties of undefined (reading 'id')
2024-10-15T05:18:28.295Z [[31merror[39m]: Error: Cannot read properties of undefined (reading 'id')
2024-10-15T05:18:28.303Z [[31merror[39m]: Error: Cannot read properties of undefined (reading 'id')
2024-10-15T05:18:32.424Z [[31merror[39m]: Error: Cannot read properties of undefined (reading 'id')
2024-10-15T05:18:32.437Z [[31merror[39m]: Error: Cannot read properties of undefined (reading 'id')
2024-10-15T05:21:53.162Z [[31merror[39m]: Error: Cannot read properties of undefined (reading 'id')
2024-10-15T05:25:48.856Z [[31merror[39m]: Error: Cannot read properties of undefined (reading 'user_id')
2024-10-15T05:25:48.869Z [[31merror[39m]: Error: Cannot read properties of undefined (reading 'user_id')
2024-10-15T05:25:53.601Z [[31merror[39m]: Error: Cannot read properties of undefined (reading 'user_id')
2024-10-15T05:25:53.631Z [[31merror[39m]: Error: Cannot read properties of undefined (reading 'user_id')
2024-10-15T05:31:21.016Z [[31merror[39m]: Error: Cannot read properties of undefined (reading 'user_id')
2024-10-15T05:31:21.025Z [[31merror[39m]: Error: Cannot read properties of undefined (reading 'user_id')
2024-10-24T09:38:27.722Z [[31merror[39m]: Error: redisClient is not defined
2024-10-24T09:38:27.727Z [[31merror[39m]: Error: redisClient is not defined
2024-10-24T09:38:27.729Z [[31merror[39m]: Error: redisClient is not defined
2024-10-24T09:38:27.787Z [[31merror[39m]: Error: redisClient is not defined
2024-10-24T09:38:27.792Z [[31merror[39m]: Error: redisClient is not defined
2024-10-24T09:38:27.795Z [[31merror[39m]: Error: redisClient is not defined
2024-10-24T09:38:27.798Z [[31merror[39m]: Error: redisClient is not defined
2024-10-24T09:38:27.804Z [[31merror[39m]: Error: redisClient is not defined
2024-10-24T09:38:27.813Z [[31merror[39m]: Error: redisClient is not defined
2024-10-24T09:38:27.827Z [[31merror[39m]: Error: redisClient is not defined
2024-10-24T09:38:27.833Z [[31merror[39m]: Error: redisClient is not defined
2024-10-24T09:38:27.865Z [[31merror[39m]: Error: redisClient is not defined
2024-10-24T09:38:27.884Z [[31merror[39m]: Error: redisClient is not defined
2024-10-24T09:38:27.892Z [[31merror[39m]: Error: redisClient is not defined
2024-10-24T09:38:27.905Z [[31merror[39m]: Error: redisClient is not defined
2024-10-24T09:38:27.909Z [[31merror[39m]: Error: redisClient is not defined
2024-10-24T09:38:27.913Z [[31merror[39m]: Error: redisClient is not defined
2024-10-24T09:38:27.918Z [[31merror[39m]: Error: redisClient is not defined
2024-10-24T09:38:27.937Z [[31merror[39m]: Error: redisClient is not defined
2024-10-24T09:38:27.947Z [[31merror[39m]: Error: redisClient is not defined
2024-10-24T09:38:27.957Z [[31merror[39m]: Error: redisClient is not defined
2024-10-24T09:38:27.964Z [[31merror[39m]: Error: redisClient is not defined
2024-10-24T09:38:27.975Z [[31merror[39m]: Error: redisClient is not defined
2024-10-24T09:38:27.979Z [[31merror[39m]: Error: redisClient is not defined
2024-10-24T09:38:27.988Z [[31merror[39m]: Error: redisClient is not defined
2024-10-24T09:38:28.004Z [[31merror[39m]: Error: redisClient is not defined
2024-10-24T09:38:28.054Z [[31merror[39m]: Error: redisClient is not defined
2024-10-24T09:38:28.060Z [[31merror[39m]: Error: redisClient is not defined
2024-10-24T09:38:28.064Z [[31merror[39m]: Error: redisClient is not defined
2024-10-24T09:38:28.068Z [[31merror[39m]: Error: redisClient is not defined
2024-10-24T10:50:29.223Z [[31merror[39m]: Error: ENOENT: no such file or directory, stat 'D:\task_assignment_system\task-manager-backend\build\index.html'
2024-10-24T10:50:29.489Z [[31merror[39m]: Error: ENOENT: no such file or directory, stat 'D:\task_assignment_system\task-manager-backend\build\index.html'
2024-10-24T10:50:34.985Z [[31merror[39m]: Error: ENOENT: no such file or directory, stat 'D:\task_assignment_system\task-manager-backend\build\index.html'
2024-10-24T10:50:35.098Z [[31merror[39m]: Error: ENOENT: no such file or directory, stat 'D:\task_assignment_system\task-manager-backend\build\index.html'
2024-10-24T10:51:14.336Z [[31merror[39m]: Error: ENOENT: no such file or directory, stat 'D:\task_assignment_system\task-manager-backend\build\index.html'
2024-10-24T10:51:14.395Z [[31merror[39m]: Error: ENOENT: no such file or directory, stat 'D:\task_assignment_system\task-manager-backend\build\index.html'
2024-10-24T10:51:14.451Z [[31merror[39m]: Error: ENOENT: no such file or directory, stat 'D:\task_assignment_system\task-manager-backend\build\index.html'
2024-10-24T10:53:51.835Z [[31merror[39m]: Error: ENOENT: no such file or directory, stat 'D:\task_assignment_system\task-manager-backend\build\index.html'
2024-10-24T10:53:51.915Z [[31merror[39m]: Error: ENOENT: no such file or directory, stat 'D:\task_assignment_system\task-manager-backend\build\index.html'
2024-10-24T10:53:53.522Z [[31merror[39m]: Error: ENOENT: no such file or directory, stat 'D:\task_assignment_system\task-manager-backend\build\index.html'
2024-10-24T10:53:53.770Z [[31merror[39m]: Error: ENOENT: no such file or directory, stat 'D:\task_assignment_system\task-manager-backend\build\index.html'
2024-10-24T10:54:07.397Z [[31merror[39m]: Error: ENOENT: no such file or directory, stat 'D:\task_assignment_system\task-manager-backend\build\index.html'
2024-10-24T10:54:07.604Z [[31merror[39m]: Error: ENOENT: no such file or directory, stat 'D:\task_assignment_system\task-manager-backend\build\index.html'
2024-10-24T10:54:43.257Z [[31merror[39m]: Error: ENOENT: no such file or directory, stat 'D:\task_assignment_system\task-manager-backend\build\index.html'
2024-10-24T10:54:43.406Z [[31merror[39m]: Error: ENOENT: no such file or directory, stat 'D:\task_assignment_system\task-manager-backend\build\index.html'
2024-10-24T10:54:43.697Z [[31merror[39m]: Error: ENOENT: no such file or directory, stat 'D:\task_assignment_system\task-manager-backend\build\index.html'
2024-10-24T10:54:45.418Z [[31merror[39m]: Error: ENOENT: no such file or directory, stat 'D:\task_assignment_system\task-manager-backend\build\index.html'
2024-10-24T10:54:45.628Z [[31merror[39m]: Error: ENOENT: no such file or directory, stat 'D:\task_assignment_system\task-manager-backend\build\index.html'
2024-10-24T10:55:11.179Z [[31merror[39m]: Error: ENOENT: no such file or directory, stat 'D:\task_assignment_system\task-manager-backend\build\index.html'
2024-10-24T10:55:11.449Z [[31merror[39m]: Error: ENOENT: no such file or directory, stat 'D:\task_assignment_system\task-manager-backend\build\index.html'
2024-10-24T10:55:15.030Z [[31merror[39m]: Error: ENOENT: no such file or directory, stat 'D:\task_assignment_system\task-manager-backend\build\index.html'
2024-10-24T10:55:15.510Z [[31merror[39m]: Error: ENOENT: no such file or directory, stat 'D:\task_assignment_system\task-manager-backend\build\index.html'
2024-10-24T10:57:10.982Z [[31merror[39m]: Error: ENOENT: no such file or directory, stat 'D:\task_assignment_system\task-manager-backend\build\index.html'
2024-10-24T10:57:11.001Z [[31merror[39m]: Error: ENOENT: no such file or directory, stat 'D:\task_assignment_system\task-manager-backend\build\index.html'
2024-10-24T10:57:11.349Z [[31merror[39m]: Error: ENOENT: no such file or directory, stat 'D:\task_assignment_system\task-manager-backend\build\index.html'
2024-10-24T10:57:20.764Z [[31merror[39m]: Error: ENOENT: no such file or directory, stat 'D:\task_assignment_system\task-manager-backend\build\index.html'
2024-10-24T10:57:20.808Z [[31merror[39m]: Error: ENOENT: no such file or directory, stat 'D:\task_assignment_system\task-manager-backend\build\index.html'
2024-10-24T10:57:20.857Z [[31merror[39m]: Error: ENOENT: no such file or directory, stat 'D:\task_assignment_system\task-manager-backend\build\index.html'
2024-10-24T11:25:30.283Z [[31merror[39m]: Error: ENOENT: no such file or directory, stat 'D:\task_assignment_system\task-manager-backend\build\index.html'
2024-10-24T11:25:30.370Z [[31merror[39m]: Error: ENOENT: no such file or directory, stat 'D:\task_assignment_system\task-manager-backend\build\index.html'
2024-10-24T11:25:30.403Z [[31merror[39m]: Error: ENOENT: no such file or directory, stat 'D:\task_assignment_system\task-manager-backend\build\index.html'
2024-10-24T11:25:40.609Z [[31merror[39m]: Error: ENOENT: no such file or directory, stat 'D:\task_assignment_system\task-manager-backend\build\index.html'
2024-10-24T11:25:40.731Z [[31merror[39m]: Error: ENOENT: no such file or directory, stat 'D:\task_assignment_system\task-manager-backend\build\index.html'
2024-10-24T11:25:43.639Z [[31merror[39m]: Error: ENOENT: no such file or directory, stat 'D:\task_assignment_system\task-manager-backend\build\index.html'
2024-10-24T11:25:43.753Z [[31merror[39m]: Error: ENOENT: no such file or directory, stat 'D:\task_assignment_system\task-manager-backend\build\index.html'
2024-10-24T11:25:47.804Z [[31merror[39m]: Error: ENOENT: no such file or directory, stat 'D:\task_assignment_system\task-manager-backend\build\index.html'
2024-10-24T11:25:47.968Z [[31merror[39m]: Error: ENOENT: no such file or directory, stat 'D:\task_assignment_system\task-manager-backend\build\index.html'
2024-10-24T11:26:39.219Z [[31merror[39m]: Error: ENOENT: no such file or directory, stat 'D:\task_assignment_system\task-manager-backend\build\index.html'
2024-10-24T11:27:15.251Z [[31merror[39m]: Error: ENOENT: no such file or directory, stat 'D:\task_assignment_system\task-manager-backend\build\index.html'
2024-10-24T11:27:15.260Z [[31merror[39m]: Error: ENOENT: no such file or directory, stat 'D:\task_assignment_system\task-manager-backend\build\index.html'
2024-10-24T11:27:15.490Z [[31merror[39m]: Error: ENOENT: no such file or directory, stat 'D:\task_assignment_system\task-manager-backend\build\index.html'
2024-10-24T11:34:19.355Z [[31merror[39m]: Error: Cannot read properties of undefined (reading 'user_id')
2024-10-24T11:34:19.448Z [[31merror[39m]: Error: Cannot read properties of undefined (reading 'user_id')
2024-10-24T11:34:19.470Z [[31merror[39m]: Error: Cannot read properties of undefined (reading 'user_id')
2024-10-24T11:34:22.259Z [[31merror[39m]: Error: Cannot read properties of undefined (reading 'user_id')
2024-10-24T11:34:22.268Z [[31merror[39m]: Error: Cannot read properties of undefined (reading 'user_id')
2024-10-24T11:34:27.002Z [[31merror[39m]: Error: Cannot read properties of undefined (reading 'user_id')
2024-10-24T11:34:27.029Z [[31merror[39m]: Error: Cannot read properties of undefined (reading 'user_id')
2024-10-24T11:34:27.061Z [[31merror[39m]: Error: Cannot read properties of undefined (reading 'user_id')
2024-10-24T11:34:42.617Z [[31merror[39m]: Error: Cannot read properties of undefined (reading 'user_id')
2024-10-24T11:34:42.648Z [[31merror[39m]: Error: Cannot read properties of undefined (reading 'user_id')
2024-10-24T11:34:42.663Z [[31merror[39m]: Error: Cannot read properties of undefined (reading 'user_id')
2024-10-24T11:34:58.345Z [[31merror[39m]: Error: Cannot read properties of undefined (reading 'user_id')
2024-10-24T11:34:58.371Z [[31merror[39m]: Error: Cannot read properties of undefined (reading 'user_id')
2024-10-24T11:34:58.395Z [[31merror[39m]: Error: Cannot read properties of undefined (reading 'user_id')
2024-10-24T11:35:02.061Z [[31merror[39m]: Error: Cannot read properties of undefined (reading 'user_id')
2024-10-24T11:35:02.095Z [[31merror[39m]: Error: Cannot read properties of undefined (reading 'user_id')
2024-10-24T11:35:02.117Z [[31merror[39m]: Error: Cannot read properties of undefined (reading 'user_id')
2024-10-24T11:35:09.505Z [[31merror[39m]: Error: Cannot read properties of undefined (reading 'user_id')
2024-10-24T11:35:09.533Z [[31merror[39m]: Error: Cannot read properties of undefined (reading 'user_id')
2024-10-24T11:35:09.552Z [[31merror[39m]: Error: Cannot read properties of undefined (reading 'user_id')
2024-10-24T11:35:15.380Z [[31merror[39m]: Error: Cannot read properties of undefined (reading 'user_id')
2024-10-24T11:35:15.390Z [[31merror[39m]: Error: Cannot read properties of undefined (reading 'user_id')
2024-10-24T11:37:55.001Z [[31merror[39m]: Error: Cannot read properties of undefined (reading 'user_id')
2024-10-24T11:37:55.100Z [[31merror[39m]: Error: Cannot read properties of undefined (reading 'user_id')
2024-10-24T11:37:55.160Z [[31merror[39m]: Error: Cannot read properties of undefined (reading 'user_id')
2024-10-24T11:38:14.177Z [[31merror[39m]: Error: Cannot read properties of undefined (reading 'user_id')
2024-10-24T11:38:15.139Z [[31merror[39m]: Error: Cannot read properties of undefined (reading 'user_id')
2024-10-24T11:38:26.017Z [[31merror[39m]: Error: Cannot read properties of undefined (reading 'user_id')
2024-10-24T11:38:26.108Z [[31merror[39m]: Error: Cannot read properties of undefined (reading 'user_id')
2024-10-24T11:38:29.357Z [[31merror[39m]: Error: Cannot read properties of undefined (reading 'user_id')
2024-10-24T11:38:29.365Z [[31merror[39m]: Error: Cannot read properties of undefined (reading 'user_id')
2024-10-24T11:38:36.295Z [[31merror[39m]: Error: Cannot read properties of undefined (reading 'user_id')
2024-10-24T11:38:36.384Z [[31merror[39m]: Error: Cannot read properties of undefined (reading 'user_id')
2024-10-24T11:38:50.746Z [[31merror[39m]: Error: Cannot read properties of undefined (reading 'user_id')
2024-10-24T11:38:50.800Z [[31merror[39m]: Error: Cannot read properties of undefined (reading 'user_id')
2024-10-24T11:38:50.854Z [[31merror[39m]: Error: Cannot read properties of undefined (reading 'user_id')
2024-10-24T11:39:02.356Z [[31merror[39m]: Error: Cannot read properties of undefined (reading 'user_id')
2024-10-24T11:39:02.446Z [[31merror[39m]: Error: Cannot read properties of undefined (reading 'user_id')
2024-10-24T11:41:19.494Z [[31merror[39m]: Error: Cannot read properties of undefined (reading 'user_id')
2024-10-24T11:41:19.507Z [[31merror[39m]: Error: Cannot read properties of undefined (reading 'user_id')
2024-10-24T11:41:19.536Z [[31merror[39m]: Error: Cannot read properties of undefined (reading 'user_id')
2024-10-24T11:41:25.654Z [[31merror[39m]: Error: Cannot read properties of undefined (reading 'user_id')
2024-10-24T11:41:25.787Z [[31merror[39m]: Error: Cannot read properties of undefined (reading 'user_id')
2024-10-24T12:00:54.242Z [[31merror[39m]: Error: Cannot read properties of undefined (reading 'user_id')
2024-10-24T12:00:54.272Z [[31merror[39m]: Error: Cannot read properties of undefined (reading 'user_id')
2024-10-24T12:00:54.292Z [[31merror[39m]: Error: Cannot read properties of undefined (reading 'user_id')
2024-10-24T12:00:59.724Z [[31merror[39m]: Error: Cannot read properties of undefined (reading 'user_id')
2024-10-24T12:00:59.756Z [[31merror[39m]: Error: Cannot read properties of undefined (reading 'user_id')
2024-10-24T12:00:59.774Z [[31merror[39m]: Error: Cannot read properties of undefined (reading 'user_id')
2024-10-24T12:01:03.417Z [[31merror[39m]: Error: Cannot read properties of undefined (reading 'user_id')
2024-10-24T12:01:03.453Z [[31merror[39m]: Error: Cannot read properties of undefined (reading 'user_id')
2024-10-24T12:01:03.470Z [[31merror[39m]: Error: Cannot read properties of undefined (reading 'user_id')
2024-10-24T12:01:26.319Z [[31merror[39m]: Error: Cannot read properties of undefined (reading 'user_id')
2024-10-24T12:01:26.341Z [[31merror[39m]: Error: Cannot read properties of undefined (reading 'user_id')
2024-10-24T12:01:26.457Z [[31merror[39m]: Error: Cannot read properties of undefined (reading 'user_id')
2024-10-24T17:05:46.224Z [[31merror[39m]: Error: ENOENT: no such file or directory, stat 'C:\task_assignment_system\task-manager-backend\build\index.html'
2024-10-24T17:05:46.432Z [[31merror[39m]: Error: ENOENT: no such file or directory, stat 'C:\task_assignment_system\task-manager-backend\build\index.html'
2024-10-24T17:35:54.773Z [[31merror[39m]: Error: ENOENT: no such file or directory, stat 'C:\task_assignment_system\task-manager-backend\build\index.html'
2024-10-24T17:35:54.783Z [[31merror[39m]: Error: ENOENT: no such file or directory, stat 'C:\task_assignment_system\task-manager-backend\build\index.html'
2024-10-24T17:35:54.803Z [[31merror[39m]: Error: ENOENT: no such file or directory, stat 'C:\task_assignment_system\task-manager-backend\build\index.html'
2024-10-24T17:36:42.195Z [[31merror[39m]: Error: ENOENT: no such file or directory, stat 'C:\task_assignment_system\task-manager-backend\build\index.html'
2024-10-24T17:36:42.251Z [[31merror[39m]: Error: ENOENT: no such file or directory, stat 'C:\task_assignment_system\task-manager-backend\build\index.html'
2024-10-24T17:36:47.934Z [[31merror[39m]: Error: ENOENT: no such file or directory, stat 'C:\task_assignment_system\task-manager-backend\build\index.html'
2024-10-24T17:36:48.005Z [[31merror[39m]: Error: ENOENT: no such file or directory, stat 'C:\task_assignment_system\task-manager-backend\build\index.html'
2024-10-25T10:11:46.820Z [[31merror[39m]: Error: ENOENT: no such file or directory, stat 'D:\task_assignment_system\task-manager-backend\build\index.html'
2024-10-25T10:11:46.833Z [[31merror[39m]: Error: ENOENT: no such file or directory, stat 'D:\task_assignment_system\task-manager-backend\build\index.html'
2024-10-25T10:11:46.917Z [[31merror[39m]: Error: ENOENT: no such file or directory, stat 'D:\task_assignment_system\task-manager-backend\build\index.html'
2024-10-25T10:11:53.366Z [[31merror[39m]: Error: ENOENT: no such file or directory, stat 'D:\task_assignment_system\task-manager-backend\build\index.html'
2024-10-25T10:11:53.434Z [[31merror[39m]: Error: ENOENT: no such file or directory, stat 'D:\task_assignment_system\task-manager-backend\build\index.html'
2024-10-25T10:11:53.442Z [[31merror[39m]: Error: ENOENT: no such file or directory, stat 'D:\task_assignment_system\task-manager-backend\build\index.html'
2024-10-25T10:11:55.637Z [[31merror[39m]: Error: ENOENT: no such file or directory, stat 'D:\task_assignment_system\task-manager-backend\build\index.html'
2024-10-25T10:11:55.686Z [[31merror[39m]: Error: ENOENT: no such file or directory, stat 'D:\task_assignment_system\task-manager-backend\build\index.html'
2024-10-25T10:11:55.712Z [[31merror[39m]: Error: ENOENT: no such file or directory, stat 'D:\task_assignment_system\task-manager-backend\build\index.html'
2024-10-25T10:11:57.920Z [[31merror[39m]: Error: ENOENT: no such file or directory, stat 'D:\task_assignment_system\task-manager-backend\build\index.html'
2024-10-25T10:11:57.959Z [[31merror[39m]: Error: ENOENT: no such file or directory, stat 'D:\task_assignment_system\task-manager-backend\build\index.html'
2024-10-25T10:11:57.975Z [[31merror[39m]: Error: ENOENT: no such file or directory, stat 'D:\task_assignment_system\task-manager-backend\build\index.html'
